<?xml version="1.0" encoding="UTF-8"?>
<beans xmlns="http://www.springframework.org/schema/beans"
    xmlns:xsi="http://www.w3.org/2001/XMLSchema-instance"
    xsi:schemaLocation="http://www.springframework.org/schema/beans http://www.springframework.org/schema/beans/spring-beans-3.0.xsd
                        http://www.springframework.org/schema/jdbc  http://www.springframework.org/schema/jdbc/spring-jdbc-3.0.xsd">
	<bean id="dataSource" class="org.springframework.jdbc.datasource.SimpleDriverDataSource">
		<property name="driverClass" value="com.mysql.jdbc.Driver"></property>
		<property name="url" value="jdbc:mysql://localhost:3306/springboard"></property>
		<property name="username" value="root"></property>
		<property name="password" value="123456"></property>
	</bean>
    <bean id="userService" class = "com.tobi.spring.service.UserServiceImpl">
		<property name="userDao" ref="userDao"></property>
		<property name="transactionManager" ref="transactionManager"></property>
	</bean>
	<bean id="userDao" class="com.tobi.spring.dao.UserDaoJdbc">
		<property name="dataSource" ref="dataSource"></property>
		<!-- property name="jdbcContext" ref="jdbcContext"></property-->
	</bean>

    <bean id="transactionManager" class="org.springframework.jdbc.datasource.DataSourceTransactionManager">
		<property name="dataSource" ref="dataSource"/>
	</bean>
	<!--  bean id="jdbcContext" class="com.tobi.spring.dao.JdbcContext">
		<property name="dataSource" ref="dataSource"></property>
	</bean-->
</beans>